Performing C SOURCE FILE Test CMAKE_HAVE_LIBC_PTHREAD failed with the following output:
Change Dir: /home/jtpau/TFM/build/CMakeFiles/CMakeTmp

Run Build Command(s):/usr/bin/make cmTC_a61f7/fast && /usr/bin/make -f CMakeFiles/cmTC_a61f7.dir/build.make CMakeFiles/cmTC_a61f7.dir/build
make[1]: se entra en el directorio '/home/jtpau/TFM/build/CMakeFiles/CMakeTmp'
Building C object CMakeFiles/cmTC_a61f7.dir/src.c.o
/usr/bin/cc   -DCMAKE_HAVE_LIBC_PTHREAD   -o CMakeFiles/cmTC_a61f7.dir/src.c.o   -c /home/jtpau/TFM/build/CMakeFiles/CMakeTmp/src.c
Linking C executable cmTC_a61f7
/usr/bin/cmake -E cmake_link_script CMakeFiles/cmTC_a61f7.dir/link.txt --verbose=1
/usr/bin/cc  -DCMAKE_HAVE_LIBC_PTHREAD    -rdynamic CMakeFiles/cmTC_a61f7.dir/src.c.o  -o cmTC_a61f7 
/usr/bin/ld: CMakeFiles/cmTC_a61f7.dir/src.c.o: en la función `main':
src.c:(.text+0x46): referencia a `pthread_create' sin definir
/usr/bin/ld: src.c:(.text+0x52): referencia a `pthread_detach' sin definir
/usr/bin/ld: src.c:(.text+0x63): referencia a `pthread_join' sin definir
collect2: error: ld returned 1 exit status
make[1]: *** [CMakeFiles/cmTC_a61f7.dir/build.make:87: cmTC_a61f7] Error 1
make[1]: se sale del directorio '/home/jtpau/TFM/build/CMakeFiles/CMakeTmp'
make: *** [Makefile:121: cmTC_a61f7/fast] Error 2


Source file was:
#include <pthread.h>

void* test_func(void* data)
{
  return data;
}

int main(void)
{
  pthread_t thread;
  pthread_create(&thread, NULL, test_func, NULL);
  pthread_detach(thread);
  pthread_join(thread, NULL);
  pthread_atfork(NULL, NULL, NULL);
  pthread_exit(NULL);

  return 0;
}

Determining if the function pthread_create exists in the pthreads failed with the following output:
Change Dir: /home/jtpau/TFM/build/CMakeFiles/CMakeTmp

Run Build Command(s):/usr/bin/make cmTC_9385e/fast && /usr/bin/make -f CMakeFiles/cmTC_9385e.dir/build.make CMakeFiles/cmTC_9385e.dir/build
make[1]: se entra en el directorio '/home/jtpau/TFM/build/CMakeFiles/CMakeTmp'
Building C object CMakeFiles/cmTC_9385e.dir/CheckFunctionExists.c.o
/usr/bin/cc   -DCHECK_FUNCTION_EXISTS=pthread_create   -o CMakeFiles/cmTC_9385e.dir/CheckFunctionExists.c.o   -c /usr/share/cmake-3.16/Modules/CheckFunctionExists.c
Linking C executable cmTC_9385e
/usr/bin/cmake -E cmake_link_script CMakeFiles/cmTC_9385e.dir/link.txt --verbose=1
/usr/bin/cc  -DCHECK_FUNCTION_EXISTS=pthread_create    -rdynamic CMakeFiles/cmTC_9385e.dir/CheckFunctionExists.c.o  -o cmTC_9385e  -lpthreads 
/usr/bin/ld: no se puede encontrar -lpthreads
collect2: error: ld returned 1 exit status
make[1]: *** [CMakeFiles/cmTC_9385e.dir/build.make:87: cmTC_9385e] Error 1
make[1]: se sale del directorio '/home/jtpau/TFM/build/CMakeFiles/CMakeTmp'
make: *** [Makefile:121: cmTC_9385e/fast] Error 2



Determining if the include file pgm.h exists failed with the following output:
Change Dir: /home/jtpau/TFM/build/CMakeFiles/CMakeTmp

Run Build Command(s):/usr/bin/make cmTC_4516a/fast && /usr/bin/make -f CMakeFiles/cmTC_4516a.dir/build.make CMakeFiles/cmTC_4516a.dir/build
make[1]: se entra en el directorio '/home/jtpau/TFM/build/CMakeFiles/CMakeTmp'
Building CXX object CMakeFiles/cmTC_4516a.dir/CheckIncludeFile.cxx.o
/usr/bin/c++     -o CMakeFiles/cmTC_4516a.dir/CheckIncludeFile.cxx.o -c /home/jtpau/TFM/build/CMakeFiles/CMakeTmp/CheckIncludeFile.cxx
/home/jtpau/TFM/build/CMakeFiles/CMakeTmp/CheckIncludeFile.cxx:1:10: fatal error: pgm.h: No existe el archivo o el directorio
    1 | #include <pgm.h>
      |          ^~~~~~~
compilation terminated.
make[1]: *** [CMakeFiles/cmTC_4516a.dir/build.make:66: CMakeFiles/cmTC_4516a.dir/CheckIncludeFile.cxx.o] Error 1
make[1]: se sale del directorio '/home/jtpau/TFM/build/CMakeFiles/CMakeTmp'
make: *** [Makefile:121: cmTC_4516a/fast] Error 2



Determining if the Q_WS_WIN exist failed with the following output:
Change Dir: /home/jtpau/TFM/build/CMakeFiles/CMakeTmp

Run Build Command(s):/usr/bin/make cmTC_eb117/fast && make[1]: se entra en el directorio '/home/jtpau/TFM/build/CMakeFiles/CMakeTmp'
/usr/bin/make -f CMakeFiles/cmTC_eb117.dir/build.make CMakeFiles/cmTC_eb117.dir/build
make[2]: se entra en el directorio '/home/jtpau/TFM/build/CMakeFiles/CMakeTmp'
Building CXX object CMakeFiles/cmTC_eb117.dir/CheckSymbolExists.cxx.o
/usr/bin/c++   -I/usr/include/qt4   -o CMakeFiles/cmTC_eb117.dir/CheckSymbolExists.cxx.o -c /home/jtpau/TFM/build/CMakeFiles/CMakeTmp/CheckSymbolExists.cxx
/home/jtpau/TFM/build/CMakeFiles/CMakeTmp/CheckSymbolExists.cxx: In function ‘int main(int, char**)’:
/home/jtpau/TFM/build/CMakeFiles/CMakeTmp/CheckSymbolExists.cxx:8:19: error: ‘Q_WS_WIN’ was not declared in this scope
    8 |   return ((int*)(&Q_WS_WIN))[argc];
      |                   ^~~~~~~~
make[2]: *** [CMakeFiles/cmTC_eb117.dir/build.make:66: CMakeFiles/cmTC_eb117.dir/CheckSymbolExists.cxx.o] Error 1
make[2]: se sale del directorio '/home/jtpau/TFM/build/CMakeFiles/CMakeTmp'
make[1]: *** [Makefile:121: cmTC_eb117/fast] Error 2
make[1]: se sale del directorio '/home/jtpau/TFM/build/CMakeFiles/CMakeTmp'


File /home/jtpau/TFM/build/CMakeFiles/CMakeTmp/CheckSymbolExists.cxx:
/* */
#include <QtCore/qglobal.h>

int main(int argc, char** argv)
{
  (void)argv;
#ifndef Q_WS_WIN
  return ((int*)(&Q_WS_WIN))[argc];
#else
  (void)argc;
  return 0;
#endif
}
Determining if the Q_WS_QWS exist failed with the following output:
Change Dir: /home/jtpau/TFM/build/CMakeFiles/CMakeTmp

Run Build Command(s):/usr/bin/make cmTC_12048/fast && make[1]: se entra en el directorio '/home/jtpau/TFM/build/CMakeFiles/CMakeTmp'
/usr/bin/make -f CMakeFiles/cmTC_12048.dir/build.make CMakeFiles/cmTC_12048.dir/build
make[2]: se entra en el directorio '/home/jtpau/TFM/build/CMakeFiles/CMakeTmp'
Building CXX object CMakeFiles/cmTC_12048.dir/CheckSymbolExists.cxx.o
/usr/bin/c++   -I/usr/include/qt4   -o CMakeFiles/cmTC_12048.dir/CheckSymbolExists.cxx.o -c /home/jtpau/TFM/build/CMakeFiles/CMakeTmp/CheckSymbolExists.cxx
/home/jtpau/TFM/build/CMakeFiles/CMakeTmp/CheckSymbolExists.cxx: In function ‘int main(int, char**)’:
/home/jtpau/TFM/build/CMakeFiles/CMakeTmp/CheckSymbolExists.cxx:8:19: error: ‘Q_WS_QWS’ was not declared in this scope
    8 |   return ((int*)(&Q_WS_QWS))[argc];
      |                   ^~~~~~~~
make[2]: *** [CMakeFiles/cmTC_12048.dir/build.make:66: CMakeFiles/cmTC_12048.dir/CheckSymbolExists.cxx.o] Error 1
make[2]: se sale del directorio '/home/jtpau/TFM/build/CMakeFiles/CMakeTmp'
make[1]: *** [Makefile:121: cmTC_12048/fast] Error 2
make[1]: se sale del directorio '/home/jtpau/TFM/build/CMakeFiles/CMakeTmp'


File /home/jtpau/TFM/build/CMakeFiles/CMakeTmp/CheckSymbolExists.cxx:
/* */
#include <QtCore/qglobal.h>

int main(int argc, char** argv)
{
  (void)argv;
#ifndef Q_WS_QWS
  return ((int*)(&Q_WS_QWS))[argc];
#else
  (void)argc;
  return 0;
#endif
}
Determining if the Q_WS_MAC exist failed with the following output:
Change Dir: /home/jtpau/TFM/build/CMakeFiles/CMakeTmp

Run Build Command(s):/usr/bin/make cmTC_4a58d/fast && make[1]: se entra en el directorio '/home/jtpau/TFM/build/CMakeFiles/CMakeTmp'
/usr/bin/make -f CMakeFiles/cmTC_4a58d.dir/build.make CMakeFiles/cmTC_4a58d.dir/build
make[2]: se entra en el directorio '/home/jtpau/TFM/build/CMakeFiles/CMakeTmp'
Building CXX object CMakeFiles/cmTC_4a58d.dir/CheckSymbolExists.cxx.o
/usr/bin/c++   -I/usr/include/qt4   -o CMakeFiles/cmTC_4a58d.dir/CheckSymbolExists.cxx.o -c /home/jtpau/TFM/build/CMakeFiles/CMakeTmp/CheckSymbolExists.cxx
/home/jtpau/TFM/build/CMakeFiles/CMakeTmp/CheckSymbolExists.cxx: In function ‘int main(int, char**)’:
/home/jtpau/TFM/build/CMakeFiles/CMakeTmp/CheckSymbolExists.cxx:8:19: error: ‘Q_WS_MAC’ was not declared in this scope
    8 |   return ((int*)(&Q_WS_MAC))[argc];
      |                   ^~~~~~~~
make[2]: *** [CMakeFiles/cmTC_4a58d.dir/build.make:66: CMakeFiles/cmTC_4a58d.dir/CheckSymbolExists.cxx.o] Error 1
make[2]: se sale del directorio '/home/jtpau/TFM/build/CMakeFiles/CMakeTmp'
make[1]: *** [Makefile:121: cmTC_4a58d/fast] Error 2
make[1]: se sale del directorio '/home/jtpau/TFM/build/CMakeFiles/CMakeTmp'


File /home/jtpau/TFM/build/CMakeFiles/CMakeTmp/CheckSymbolExists.cxx:
/* */
#include <QtCore/qglobal.h>

int main(int argc, char** argv)
{
  (void)argv;
#ifndef Q_WS_MAC
  return ((int*)(&Q_WS_MAC))[argc];
#else
  (void)argc;
  return 0;
#endif
}
